<?xml version="1.0" encoding="UTF-8"?>
<coverage generated="1682690670815" clover="3.2.0">
  <project timestamp="1682690670815" name="All files">
    <metrics statements="8" coveredstatements="8" conditionals="1" coveredconditionals="1" methods="3" coveredmethods="3" elements="12" coveredelements="12" complexity="0" loc="8" ncloc="8" packages="1" files="1" classes="1"/>
    <file name="Utils.ts" path="C:\Users\meika\Documents\Apuntes\Typescript\Curso\Apuntes\Testing\src\app\Utils.ts">
      <metrics statements="8" coveredstatements="8" conditionals="1" coveredconditionals="1" methods="3" coveredmethods="3"/>
      <line num="2" count="1" type="stmt"/>
      <line num="5" count="4" type="cond" truecount="1" falsecount="0"/>
      <line num="6" count="3" type="stmt"/>
      <line num="9" count="1" type="stmt"/>
      <line num="14" count="1" type="stmt"/>
      <line num="15" count="5" type="stmt"/>
      <line num="26" count="1" type="stmt"/>
      <line num="27" count="6" type="stmt"/>
    </file>
  </project>
</coverage>
