{"C:\\Users\\meika\\Documents\\Apuntes\\Typescript\\Curso\\Apuntes\\Testing\\src\\app\\Utils.ts": {"path":"C:\\Users\\meika\\Documents\\Apuntes\\Typescript\\Curso\\Apuntes\\Testing\\src\\app\\Utils.ts","statementMap":{"0":{"start":{"line":5,"column":8},"end":{"line":7,"column":null}},"1":{"start":{"line":6,"column":12},"end":{"line":6,"column":null}},"2":{"start":{"line":9,"column":8},"end":{"line":9,"column":null}},"3":{"start":{"line":2,"column":0},"end":{"line":2,"column":13}},"4":{"start":{"line":15,"column":4},"end":{"line":15,"column":null}},"5":{"start":{"line":14,"column":0},"end":{"line":14,"column":16}},"6":{"start":{"line":27,"column":4},"end":{"line":33,"column":null}},"7":{"start":{"line":26,"column":0},"end":{"line":26,"column":16}}},"fnMap":{"0":{"name":"(anonymous_0)","decl":{"start":{"line":3,"column":11},"end":{"line":3,"column":22}},"loc":{"start":{"line":3,"column":34},"end":{"line":10,"column":5}}},"1":{"name":"toUpperCase","decl":{"start":{"line":14,"column":16},"end":{"line":14,"column":27}},"loc":{"start":{"line":14,"column":39},"end":{"line":16,"column":1}}},"2":{"name":"getStringInfo","decl":{"start":{"line":26,"column":16},"end":{"line":26,"column":29}},"loc":{"start":{"line":26,"column":41},"end":{"line":34,"column":1}}}},"branchMap":{"0":{"loc":{"start":{"line":5,"column":8},"end":{"line":7,"column":null}},"type":"if","locations":[{"start":{"line":5,"column":8},"end":{"line":7,"column":null}}]}},"s":{"0":4,"1":3,"2":1,"3":1,"4":5,"5":1,"6":6,"7":1},"f":{"0":4,"1":5,"2":6},"b":{"0":[3]}}
}
