TN:
SF:src\app\pass_checker\PasswordChecker.ts
FN:2,(anonymous_0)
FN:16,(anonymous_1)
FN:30,(anonymous_2)
FN:36,(anonymous_3)
FN:40,(anonymous_4)
FN:46,(anonymous_5)
FN:55,(anonymous_6)
FNF:7
FNH:7
FNDA:1,(anonymous_0)
FNDA:9,(anonymous_1)
FNDA:9,(anonymous_2)
FNDA:9,(anonymous_3)
FNDA:9,(anonymous_4)
FNDA:2,(anonymous_5)
FNDA:2,(anonymous_6)
DA:2,1
DA:3,1
DA:4,1
DA:5,1
DA:6,1
DA:14,1
DA:18,9
DA:20,9
DA:21,9
DA:22,9
DA:24,9
DA:32,9
DA:37,9
DA:41,9
DA:47,2
DA:48,2
DA:49,2
DA:56,2
DA:57,2
LF:19
LH:19
BRDA:2,0,0,1
BRDA:2,0,1,1
BRDA:25,1,0,3
BRDA:25,1,1,6
BRDA:32,2,0,1
BRDA:37,3,0,1
BRDA:41,4,0,1
BRDA:50,5,0,1
BRDA:50,5,1,1
BRDA:57,6,0,1
BRF:10
BRH:10
end_of_record
