<?xml version="1.0" encoding="UTF-8"?>
<coverage generated="1682783414061" clover="3.2.0">
  <project timestamp="1682783414061" name="All files">
    <metrics statements="19" coveredstatements="19" conditionals="10" coveredconditionals="10" methods="7" coveredmethods="7" elements="36" coveredelements="36" complexity="0" loc="19" ncloc="19" packages="1" files="1" classes="1"/>
    <file name="PasswordChecker.ts" path="C:\Users\meika\Documents\Apuntes\Typescript\Curso\Apuntes\Testing\TestinJestTypescript\TDD\src\app\pass_checker\PasswordChecker.ts">
      <metrics statements="19" coveredstatements="19" conditionals="10" coveredconditionals="10" methods="7" coveredmethods="7"/>
      <line num="2" count="1" type="cond" truecount="2" falsecount="0"/>
      <line num="3" count="1" type="stmt"/>
      <line num="4" count="1" type="stmt"/>
      <line num="5" count="1" type="stmt"/>
      <line num="6" count="1" type="stmt"/>
      <line num="14" count="1" type="stmt"/>
      <line num="18" count="9" type="stmt"/>
      <line num="20" count="9" type="stmt"/>
      <line num="21" count="9" type="stmt"/>
      <line num="22" count="9" type="stmt"/>
      <line num="24" count="9" type="stmt"/>
      <line num="32" count="9" type="cond" truecount="1" falsecount="0"/>
      <line num="37" count="9" type="cond" truecount="1" falsecount="0"/>
      <line num="41" count="9" type="cond" truecount="1" falsecount="0"/>
      <line num="47" count="2" type="stmt"/>
      <line num="48" count="2" type="stmt"/>
      <line num="49" count="2" type="stmt"/>
      <line num="56" count="2" type="stmt"/>
      <line num="57" count="2" type="cond" truecount="1" falsecount="0"/>
    </file>
  </project>
</coverage>
