{"C:\\Users\\meika\\Documents\\Apuntes\\Typescript\\Curso\\Apuntes\\Testing\\TestinJestTypescript\\TDD\\src\\app\\pass_checker\\PasswordChecker.ts": {"path":"C:\\Users\\meika\\Documents\\Apuntes\\Typescript\\Curso\\Apuntes\\Testing\\TestinJestTypescript\\TDD\\src\\app\\pass_checker\\PasswordChecker.ts","statementMap":{"0":{"start":{"line":2,"column":0},"end":{"line":2,"column":null}},"1":{"start":{"line":3,"column":4},"end":{"line":3,"column":null}},"2":{"start":{"line":4,"column":4},"end":{"line":4,"column":null}},"3":{"start":{"line":5,"column":4},"end":{"line":5,"column":null}},"4":{"start":{"line":6,"column":4},"end":{"line":6,"column":null}},"5":{"start":{"line":18,"column":42},"end":{"line":18,"column":44}},"6":{"start":{"line":20,"column":12},"end":{"line":20,"column":null}},"7":{"start":{"line":21,"column":12},"end":{"line":21,"column":null}},"8":{"start":{"line":22,"column":12},"end":{"line":22,"column":null}},"9":{"start":{"line":24,"column":8},"end":{"line":27,"column":null}},"10":{"start":{"line":32,"column":4},"end":{"line":32,"column":null}},"11":{"start":{"line":32,"column":28},"end":{"line":32,"column":null}},"12":{"start":{"line":37,"column":4},"end":{"line":37,"column":null}},"13":{"start":{"line":37,"column":43},"end":{"line":37,"column":null}},"14":{"start":{"line":41,"column":4},"end":{"line":41,"column":null}},"15":{"start":{"line":41,"column":43},"end":{"line":41,"column":null}},"16":{"start":{"line":47,"column":27},"end":{"line":47,"column":55}},"17":{"start":{"line":48,"column":8},"end":{"line":48,"column":null}},"18":{"start":{"line":49,"column":8},"end":{"line":52,"column":null}},"19":{"start":{"line":56,"column":26},"end":{"line":56,"column":30}},"20":{"start":{"line":57,"column":8},"end":{"line":57,"column":null}},"21":{"start":{"line":57,"column":38},"end":{"line":57,"column":null}},"22":{"start":{"line":14,"column":0},"end":{"line":14,"column":13}}},"fnMap":{"0":{"name":"(anonymous_0)","decl":{"start":{"line":2,"column":0},"end":{"line":2,"column":12}},"loc":{"start":{"line":2,"column":26},"end":{"line":7,"column":1}}},"1":{"name":"(anonymous_1)","decl":{"start":{"line":16,"column":11},"end":{"line":16,"column":24}},"loc":{"start":{"line":16,"column":41},"end":{"line":28,"column":3}}},"2":{"name":"(anonymous_2)","decl":{"start":{"line":30,"column":10},"end":{"line":30,"column":24}},"loc":{"start":{"line":30,"column":68},"end":{"line":34,"column":3}}},"3":{"name":"(anonymous_3)","decl":{"start":{"line":36,"column":10},"end":{"line":36,"column":27}},"loc":{"start":{"line":36,"column":70},"end":{"line":38,"column":3}}},"4":{"name":"(anonymous_4)","decl":{"start":{"line":40,"column":10},"end":{"line":40,"column":27}},"loc":{"start":{"line":40,"column":70},"end":{"line":42,"column":3}}},"5":{"name":"(anonymous_5)","decl":{"start":{"line":46,"column":9},"end":{"line":46,"column":27}},"loc":{"start":{"line":46,"column":44},"end":{"line":53,"column":3}}},"6":{"name":"(anonymous_6)","decl":{"start":{"line":55,"column":10},"end":{"line":55,"column":24}},"loc":{"start":{"line":55,"column":68},"end":{"line":58,"column":3}}}},"branchMap":{"0":{"loc":{"start":{"line":2,"column":12},"end":{"line":2,"column":null}},"type":"binary-expr","locations":[{"start":{"line":2,"column":12},"end":{"line":2,"column":26}},{"start":{"line":2,"column":12},"end":{"line":2,"column":null}}]},"1":{"loc":{"start":{"line":25,"column":19},"end":{"line":25,"column":51}},"type":"cond-expr","locations":[{"start":{"line":25,"column":40},"end":{"line":25,"column":45}},{"start":{"line":25,"column":47},"end":{"line":25,"column":51}}]},"2":{"loc":{"start":{"line":32,"column":4},"end":{"line":32,"column":null}},"type":"if","locations":[{"start":{"line":32,"column":4},"end":{"line":32,"column":null}}]},"3":{"loc":{"start":{"line":37,"column":4},"end":{"line":37,"column":null}},"type":"if","locations":[{"start":{"line":37,"column":4},"end":{"line":37,"column":null}}]},"4":{"loc":{"start":{"line":41,"column":4},"end":{"line":41,"column":null}},"type":"if","locations":[{"start":{"line":41,"column":4},"end":{"line":41,"column":null}}]},"5":{"loc":{"start":{"line":50,"column":19},"end":{"line":50,"column":62}},"type":"cond-expr","locations":[{"start":{"line":50,"column":51},"end":{"line":50,"column":56}},{"start":{"line":50,"column":58},"end":{"line":50,"column":62}}]},"6":{"loc":{"start":{"line":57,"column":8},"end":{"line":57,"column":null}},"type":"if","locations":[{"start":{"line":57,"column":8},"end":{"line":57,"column":null}}]}},"s":{"0":1,"1":1,"2":1,"3":1,"4":1,"5":9,"6":9,"7":9,"8":9,"9":9,"10":9,"11":1,"12":9,"13":1,"14":9,"15":1,"16":2,"17":2,"18":2,"19":2,"20":2,"21":1,"22":1},"f":{"0":1,"1":9,"2":9,"3":9,"4":9,"5":2,"6":2},"b":{"0":[1,1],"1":[3,6],"2":[1],"3":[1],"4":[1],"5":[1,1],"6":[1]}}
}
